<?xml version="1.0" encoding="UTF-8"?>
<!-- Generated by org.testng.reporters.JUnitXMLReporter -->
<testsuite ignored="1" hostname="DESKTOP-ER76S99" failures="0" tests="6" name="Default test" time="0.368" errors="0" timestamp="2023-01-31T15:19:07 IST">
  <testcase classname="testNg.TestNgClass" name="test3" time="0.018"/>
  <testcase classname="testNg.TestNgClass" name="test3" time="0.01"/>
  <testcase classname="testNg.TestNgClass" name="test3" time="0.006"/>
  <testcase classname="testNg.TestNgClass" name="test2" time="0.014"/>
  <testcase classname="testNg.TestNgClass" name="test1" time="0.001"/>
  <testcase classname="testNg.TestNgClass" name="test4" time="0.034"/>
  <testcase classname="testNg.TestNgClass" name="test5" time="0.0">
    <ignored/>
  </testcase> <!-- test5 -->
</testsuite> <!-- Default test -->
