<?xml version="1.0" encoding="UTF-8"?>
<testng-results ignored="1" total="7" passed="6" failed="0" skipped="0">
  <reporter-output>
  </reporter-output>
  <suite started-at="2023-01-31T15:19:06 IST" name="Default suite" finished-at="2023-01-31T15:19:07 IST" duration-ms="368">
    <groups>
    </groups>
    <test started-at="2023-01-31T15:19:06 IST" name="Default test" finished-at="2023-01-31T15:19:07 IST" duration-ms="368">
      <class name="testNg.TestNgClass">
        <test-method is-config="true" signature="beforeClass()[pri:0, instance:testNg.TestNgClass@41fecb8b]" started-at="2023-01-31T15:19:06 IST" name="beforeClass" finished-at="2023-01-31T15:19:07 IST" duration-ms="29" status="PASS">
          <reporter-output>
          </reporter-output>
        </test-method> <!-- beforeClass -->
        <test-method is-config="true" signature="beforeMethod()[pri:0, instance:testNg.TestNgClass@41fecb8b]" started-at="2023-01-31T15:19:07 IST" name="beforeMethod" finished-at="2023-01-31T15:19:07 IST" duration-ms="0" status="PASS">
          <reporter-output>
          </reporter-output>
        </test-method> <!-- beforeMethod -->
        <test-method signature="test3()[pri:2, instance:testNg.TestNgClass@41fecb8b]" started-at="2023-01-31T15:19:07 IST" name="test3" finished-at="2023-01-31T15:19:07 IST" duration-ms="18" status="PASS">
          <reporter-output>
          </reporter-output>
        </test-method> <!-- test3 -->
        <test-method is-config="true" signature="afterMethod()[pri:0, instance:testNg.TestNgClass@41fecb8b]" started-at="2023-01-31T15:19:07 IST" name="afterMethod" finished-at="2023-01-31T15:19:07 IST" duration-ms="12" status="PASS">
          <reporter-output>
          </reporter-output>
        </test-method> <!-- afterMethod -->
        <test-method is-config="true" signature="beforeMethod()[pri:0, instance:testNg.TestNgClass@41fecb8b]" started-at="2023-01-31T15:19:07 IST" name="beforeMethod" finished-at="2023-01-31T15:19:07 IST" duration-ms="2" status="PASS">
          <reporter-output>
          </reporter-output>
        </test-method> <!-- beforeMethod -->
        <test-method signature="test3()[pri:2, instance:testNg.TestNgClass@41fecb8b]" started-at="2023-01-31T15:19:07 IST" name="test3" finished-at="2023-01-31T15:19:07 IST" duration-ms="10" status="PASS">
          <reporter-output>
          </reporter-output>
        </test-method> <!-- test3 -->
        <test-method is-config="true" signature="afterMethod()[pri:0, instance:testNg.TestNgClass@41fecb8b]" started-at="2023-01-31T15:19:07 IST" name="afterMethod" finished-at="2023-01-31T15:19:07 IST" duration-ms="1" status="PASS">
          <reporter-output>
          </reporter-output>
        </test-method> <!-- afterMethod -->
        <test-method is-config="true" signature="beforeMethod()[pri:0, instance:testNg.TestNgClass@41fecb8b]" started-at="2023-01-31T15:19:07 IST" name="beforeMethod" finished-at="2023-01-31T15:19:07 IST" duration-ms="0" status="PASS">
          <reporter-output>
          </reporter-output>
        </test-method> <!-- beforeMethod -->
        <test-method signature="test3()[pri:2, instance:testNg.TestNgClass@41fecb8b]" started-at="2023-01-31T15:19:07 IST" name="test3" finished-at="2023-01-31T15:19:07 IST" duration-ms="6" status="PASS">
          <reporter-output>
          </reporter-output>
        </test-method> <!-- test3 -->
        <test-method is-config="true" signature="afterMethod()[pri:0, instance:testNg.TestNgClass@41fecb8b]" started-at="2023-01-31T15:19:07 IST" name="afterMethod" finished-at="2023-01-31T15:19:07 IST" duration-ms="1" status="PASS">
          <reporter-output>
          </reporter-output>
        </test-method> <!-- afterMethod -->
        <test-method is-config="true" signature="beforeMethod()[pri:0, instance:testNg.TestNgClass@41fecb8b]" started-at="2023-01-31T15:19:07 IST" name="beforeMethod" finished-at="2023-01-31T15:19:07 IST" duration-ms="44" status="PASS">
          <reporter-output>
          </reporter-output>
        </test-method> <!-- beforeMethod -->
        <test-method signature="test2()[pri:3, instance:testNg.TestNgClass@41fecb8b]" started-at="2023-01-31T15:19:07 IST" name="test2" finished-at="2023-01-31T15:19:07 IST" duration-ms="14" status="PASS">
          <reporter-output>
          </reporter-output>
        </test-method> <!-- test2 -->
        <test-method is-config="true" signature="afterMethod()[pri:0, instance:testNg.TestNgClass@41fecb8b]" started-at="2023-01-31T15:19:07 IST" name="afterMethod" finished-at="2023-01-31T15:19:07 IST" duration-ms="1" status="PASS">
          <reporter-output>
          </reporter-output>
        </test-method> <!-- afterMethod -->
        <test-method is-config="true" signature="beforeMethod()[pri:0, instance:testNg.TestNgClass@41fecb8b]" started-at="2023-01-31T15:19:07 IST" name="beforeMethod" finished-at="2023-01-31T15:19:07 IST" duration-ms="1" status="PASS">
          <reporter-output>
          </reporter-output>
        </test-method> <!-- beforeMethod -->
        <test-method signature="test1()[pri:4, instance:testNg.TestNgClass@41fecb8b]" started-at="2023-01-31T15:19:07 IST" name="test1" finished-at="2023-01-31T15:19:07 IST" duration-ms="1" status="PASS">
          <reporter-output>
          </reporter-output>
        </test-method> <!-- test1 -->
        <test-method is-config="true" signature="afterMethod()[pri:0, instance:testNg.TestNgClass@41fecb8b]" started-at="2023-01-31T15:19:07 IST" name="afterMethod" finished-at="2023-01-31T15:19:07 IST" duration-ms="2" status="PASS">
          <reporter-output>
          </reporter-output>
        </test-method> <!-- afterMethod -->
        <test-method is-config="true" signature="beforeMethod()[pri:0, instance:testNg.TestNgClass@41fecb8b]" started-at="2023-01-31T15:19:07 IST" name="beforeMethod" finished-at="2023-01-31T15:19:07 IST" duration-ms="1" status="PASS">
          <reporter-output>
          </reporter-output>
        </test-method> <!-- beforeMethod -->
        <test-method signature="test4()[pri:1, instance:testNg.TestNgClass@41fecb8b]" started-at="2023-01-31T15:19:07 IST" name="test4" finished-at="2023-01-31T15:19:07 IST" depends-on-methods="testNg.TestNgClass.test1" duration-ms="34" status="PASS">
          <reporter-output>
          </reporter-output>
        </test-method> <!-- test4 -->
        <test-method is-config="true" signature="afterMethod()[pri:0, instance:testNg.TestNgClass@41fecb8b]" started-at="2023-01-31T15:19:07 IST" name="afterMethod" finished-at="2023-01-31T15:19:07 IST" duration-ms="1" status="PASS">
          <reporter-output>
          </reporter-output>
        </test-method> <!-- afterMethod -->
        <test-method is-config="true" signature="afterClass()[pri:0, instance:testNg.TestNgClass@41fecb8b]" started-at="2023-01-31T15:19:07 IST" name="afterClass" finished-at="2023-01-31T15:19:07 IST" duration-ms="0" status="PASS">
          <reporter-output>
          </reporter-output>
        </test-method> <!-- afterClass -->
      </class> <!-- testNg.TestNgClass -->
    </test> <!-- Default test -->
  </suite> <!-- Default suite -->
</testng-results>
